TN:
SF:src/app/layout.js
FN:19,RootLayout
FNF:1
FNH:0
FNDA:0,RootLayout
DA:1,0
DA:2,0
DA:4,0
DA:9,0
DA:14,0
DA:19,0
LF:6
LH:0
BRF:0
BRH:0
end_of_record
TN:
SF:src/app/page.js
FN:10,BrowsePage
FN:16,(anonymous_3)
FN:17,(anonymous_4)
FN:27,(anonymous_5)
FN:36,(anonymous_6)
FN:43,(anonymous_7)
FN:45,(anonymous_8)
FN:50,(anonymous_9)
FNF:8
FNH:8
FNDA:52,BrowsePage
FNDA:21,(anonymous_3)
FNDA:21,(anonymous_4)
FNDA:5,(anonymous_5)
FNDA:2,(anonymous_6)
FNDA:52,(anonymous_7)
FNDA:9,(anonymous_8)
FNDA:52,(anonymous_9)
DA:3,1
DA:4,1
DA:5,1
DA:6,1
DA:7,1
DA:8,1
DA:10,21
DA:11,52
DA:12,52
DA:13,52
DA:14,52
DA:16,52
DA:17,21
DA:18,21
DA:19,21
DA:20,20
DA:21,20
DA:22,20
DA:24,21
DA:27,52
DA:28,5
DA:29,5
DA:31,5
DA:32,4
DA:33,4
DA:36,52
DA:37,2
DA:38,2
DA:39,2
DA:43,52
DA:44,52
DA:45,9
DA:50,52
DA:51,52
DA:57,52
LF:35
LH:35
BRDA:45,0,0,9
BRDA:45,0,1,9
BRDA:45,0,2,9
BRDA:57,1,0,52
BRDA:57,1,1,52
BRF:5
BRH:5
end_of_record
TN:
SF:src/app/Items/[id]/page.js
FN:3,ItemDetailPage
FNF:1
FNH:0
FNDA:0,ItemDetailPage
DA:1,0
DA:3,0
DA:4,0
LF:3
LH:0
BRF:0
BRH:0
end_of_record
TN:
SF:src/app/add-listing/page.js
FN:9,uploadListingAction
FN:36,(anonymous_8)
FN:60,AddListingPage
FNF:3
FNH:3
FNDA:13,uploadListingAction
FNDA:12,(anonymous_8)
FNDA:18,AddListingPage
DA:2,1
DA:3,1
DA:4,1
DA:5,1
DA:6,1
DA:9,13
DA:12,13
DA:13,13
DA:14,13
DA:15,13
DA:16,13
DA:17,13
DA:18,13
DA:19,13
DA:20,13
DA:21,13
DA:23,13
DA:26,13
DA:27,3
DA:30,13
DA:36,12
DA:37,12
DA:39,0
DA:54,0
DA:57,0
DA:60,18
LF:26
LH:23
BRDA:19,0,0,13
BRDA:19,0,1,8
BRDA:26,1,0,3
BRDA:26,1,1,10
BRDA:26,2,0,13
BRDA:26,2,1,12
BRDA:26,2,2,11
BRDA:42,3,0,0
BRDA:42,3,1,0
BRDA:45,4,0,0
BRDA:45,4,1,0
BRDA:48,5,0,0
BRDA:48,5,1,0
BRDA:49,6,0,0
BRDA:49,6,1,0
BRF:15
BRH:7
end_of_record
TN:
SF:src/app/api/items/route.js
FN:4,escapeRegex
FN:8,GET
FN:66,(anonymous_3)
FNF:3
FNH:0
FNDA:0,escapeRegex
FNDA:0,GET
FNDA:0,(anonymous_3)
DA:1,0
DA:2,0
DA:5,0
DA:8,0
DA:10,0
DA:11,0
DA:12,0
DA:14,0
DA:17,0
DA:18,0
DA:19,0
DA:21,0
DA:22,0
DA:23,0
DA:25,0
DA:26,0
DA:27,0
DA:29,0
DA:30,0
DA:31,0
DA:35,0
DA:36,0
DA:37,0
DA:38,0
DA:45,0
DA:48,0
DA:49,0
DA:50,0
DA:51,0
DA:55,0
DA:56,0
DA:63,0
DA:65,0
DA:66,0
DA:71,0
LF:35
LH:0
BRDA:17,0,0,0
BRDA:17,0,1,0
BRDA:21,1,0,0
BRDA:21,1,1,0
BRDA:25,2,0,0
BRDA:25,2,1,0
BRDA:29,3,0,0
BRDA:29,3,1,0
BRDA:35,4,0,0
BRDA:35,4,1,0
BRDA:36,5,0,0
BRDA:36,5,1,0
BRDA:37,6,0,0
BRDA:37,6,1,0
BRDA:37,7,0,0
BRDA:37,7,1,0
BRDA:39,8,0,0
BRDA:39,8,1,0
BRDA:40,9,0,0
BRDA:40,9,1,0
BRDA:45,10,0,0
BRDA:45,10,1,0
BRDA:45,10,2,0
BRDA:48,11,0,0
BRDA:48,11,1,0
BRDA:55,12,0,0
BRDA:55,12,1,0
BRDA:56,13,0,0
BRDA:56,13,1,0
BRDA:63,14,0,0
BRDA:63,14,1,0
BRF:31
BRH:0
end_of_record
TN:
SF:src/app/api/items/[id]/route.js
FN:5,GET
FNF:1
FNH:0
FNDA:0,GET
DA:1,0
DA:2,0
DA:3,0
DA:5,0
DA:6,0
DA:7,0
DA:9,0
DA:10,0
DA:12,0
DA:13,0
DA:14,0
DA:15,0
DA:17,0
DA:18,0
DA:20,0
DA:21,0
LF:16
LH:0
BRDA:12,0,0,0
BRDA:12,0,1,0
BRDA:14,1,0,0
BRDA:14,1,1,0
BRDA:22,2,0,0
BRDA:22,2,1,0
BRF:6
BRH:0
end_of_record
TN:
SF:src/components/FilterBar/FilterBar.js
FN:6,FilterBar
FN:51,(anonymous_3)
FN:62,(anonymous_4)
FN:70,(anonymous_5)
FN:88,(anonymous_6)
FN:94,(anonymous_7)
FN:112,(anonymous_8)
FN:120,(anonymous_9)
FN:140,(anonymous_10)
FN:160,(anonymous_11)
FN:180,(anonymous_12)
FN:183,(anonymous_13)
FN:201,(anonymous_14)
FN:203,(anonymous_15)
FN:216,(anonymous_16)
FN:220,(anonymous_17)
FNF:16
FNH:14
FNDA:67,FilterBar
FNDA:7,(anonymous_3)
FNDA:5,(anonymous_4)
FNDA:9,(anonymous_5)
FNDA:2,(anonymous_6)
FNDA:3,(anonymous_7)
FNDA:67,(anonymous_8)
FNDA:67,(anonymous_9)
FNDA:5,(anonymous_10)
FNDA:17,(anonymous_11)
FNDA:2,(anonymous_12)
FNDA:268,(anonymous_13)
FNDA:0,(anonymous_14)
FNDA:78,(anonymous_15)
FNDA:0,(anonymous_16)
FNDA:65,(anonymous_17)
DA:3,1
DA:4,1
DA:6,40
DA:14,67
DA:24,67
DA:27,67
DA:36,67
DA:44,67
DA:51,67
DA:52,7
DA:53,7
DA:55,7
DA:57,6
DA:58,6
DA:62,67
DA:63,5
DA:64,3
DA:65,3
DA:70,67
DA:71,9
DA:72,9
DA:73,0
DA:75,9
DA:76,0
DA:78,9
DA:79,0
DA:81,9
DA:83,6
DA:85,9
DA:88,67
DA:89,2
DA:90,2
DA:94,67
DA:95,3
DA:103,3
DA:104,3
DA:106,3
DA:107,2
DA:112,67
DA:113,67
DA:114,54
DA:116,13
DA:120,67
DA:121,67
DA:122,62
DA:124,5
DA:125,1
DA:127,4
DA:140,5
DA:160,17
DA:180,2
DA:184,268
DA:201,0
DA:204,78
DA:217,0
DA:221,65
LF:56
LH:51
BRDA:9,0,0,61
BRDA:10,1,0,61
BRDA:11,2,0,52
BRDA:12,3,0,63
BRDA:15,4,0,67
BRDA:15,4,1,62
BRDA:16,5,0,67
BRDA:16,5,1,62
BRDA:17,6,0,67
BRDA:17,6,1,67
BRDA:18,7,0,67
BRDA:18,7,1,67
BRDA:19,8,0,67
BRDA:19,8,1,64
BRDA:20,9,0,67
BRDA:20,9,1,64
BRDA:55,10,0,6
BRDA:55,10,1,1
BRDA:63,11,0,3
BRDA:63,11,1,2
BRDA:72,12,0,0
BRDA:72,12,1,9
BRDA:72,13,0,9
BRDA:72,13,1,0
BRDA:75,14,0,0
BRDA:75,14,1,9
BRDA:75,15,0,9
BRDA:75,15,1,0
BRDA:78,16,0,0
BRDA:78,16,1,9
BRDA:78,17,0,9
BRDA:78,17,1,0
BRDA:81,18,0,6
BRDA:81,18,1,3
BRDA:81,19,0,9
BRDA:81,19,1,6
BRDA:89,20,0,2
BRDA:89,20,1,0
BRDA:106,21,0,2
BRDA:106,21,1,1
BRDA:113,22,0,54
BRDA:113,22,1,13
BRDA:121,23,0,62
BRDA:121,23,1,5
BRDA:124,24,0,1
BRDA:124,24,1,4
BRDA:158,25,0,13
BRDA:158,25,1,54
BRDA:167,26,0,67
BRDA:193,27,0,67
BRF:50
BRH:43
end_of_record
TN:
SF:src/components/ItemCard/ItemCard.js
FN:7,ItemCard
FN:12,(anonymous_3)
FN:16,(anonymous_4)
FN:21,(anonymous_5)
FN:36,(anonymous_6)
FN:51,(anonymous_7)
FN:56,(anonymous_8)
FN:73,(anonymous_9)
FNF:8
FNH:6
FNDA:4,ItemCard
FNDA:0,(anonymous_3)
FNDA:0,(anonymous_4)
FNDA:4,(anonymous_5)
FNDA:4,(anonymous_6)
FNDA:4,(anonymous_7)
FNDA:4,(anonymous_8)
FNDA:1,(anonymous_9)
DA:2,1
DA:3,1
DA:4,1
DA:5,1
DA:7,4
DA:8,4
DA:9,4
DA:10,4
DA:12,4
DA:13,0
DA:16,4
DA:17,0
DA:18,0
DA:21,4
DA:22,4
DA:24,0
DA:26,0
DA:28,0
DA:30,0
DA:32,4
DA:36,4
DA:37,4
DA:39,0
DA:41,0
DA:43,0
DA:45,0
DA:48,4
DA:49,4
DA:51,4
DA:56,4
DA:57,4
DA:59,4
DA:61,0
DA:63,0
DA:65,0
DA:67,0
DA:69,0
DA:73,4
DA:74,1
DA:75,1
DA:76,1
LF:41
LH:25
BRDA:22,0,0,0
BRDA:22,0,1,0
BRDA:22,0,2,0
BRDA:22,0,3,0
BRDA:22,0,4,4
BRDA:37,1,0,0
BRDA:37,1,1,0
BRDA:37,1,2,0
BRDA:37,1,3,0
BRDA:37,1,4,4
BRDA:48,2,0,0
BRDA:48,2,1,4
BRDA:57,3,0,4
BRDA:57,3,1,0
BRDA:57,3,2,0
BRDA:57,3,3,0
BRDA:57,3,4,0
BRDA:57,3,5,0
BRDA:87,4,0,4
BRDA:94,5,0,0
BRDA:108,6,0,0
BRDA:108,6,1,4
BRF:22
BRH:6
end_of_record
TN:
SF:src/components/ItemDetail/ItemDetail.js
FN:9,ItemDetail
FN:14,(anonymous_3)
FN:15,(anonymous_4)
FN:31,(anonymous_5)
FN:33,(anonymous_6)
FN:98,(anonymous_7)
FNF:6
FNH:6
FNDA:42,ItemDetail
FNDA:22,(anonymous_3)
FNDA:21,(anonymous_4)
FNDA:2,(anonymous_5)
FNDA:17,(anonymous_6)
FNDA:17,(anonymous_7)
DA:3,1
DA:4,1
DA:5,1
DA:6,1
DA:7,1
DA:9,22
DA:10,42
DA:11,42
DA:12,42
DA:14,42
DA:15,22
DA:16,21
DA:17,21
DA:18,18
DA:19,18
DA:20,17
DA:23,1
DA:25,19
DA:28,22
DA:31,42
DA:33,42
DA:34,17
DA:35,17
DA:38,42
DA:46,20
DA:99,17
DA:100,17
DA:101,17
LF:28
LH:28
BRDA:19,0,0,17
BRDA:19,0,1,1
BRDA:28,1,0,21
BRDA:28,1,1,1
BRDA:34,2,0,15
BRDA:34,2,1,2
BRDA:35,3,0,16
BRDA:35,3,1,1
BRDA:35,4,0,1
BRDA:35,4,1,0
BRDA:38,5,0,22
BRDA:38,5,1,20
BRDA:46,6,0,3
BRDA:46,6,1,17
BRDA:71,7,0,15
BRDA:84,8,0,17
BRDA:84,8,1,0
BRDA:87,9,0,16
BRDA:87,9,1,1
BRDA:87,10,0,1
BRDA:87,10,1,0
BRDA:99,11,0,17
BRDA:99,11,1,1
BRDA:101,12,0,17
BRDA:101,12,1,15
BRDA:105,13,0,15
BRDA:105,13,1,2
BRDA:108,14,0,17
BRDA:108,14,1,2
BRDA:118,15,0,17
BRDA:118,15,1,1
BRDA:118,16,0,16
BRDA:118,16,1,1
BRDA:123,17,0,17
BRDA:123,17,1,1
BRDA:127,18,0,17
BRDA:127,18,1,1
BRDA:133,19,0,17
BRDA:133,19,1,1
BRF:39
BRH:36
end_of_record
TN:
SF:src/components/ItemGrid/ItemGrid.js
FN:8,ItemGrid
FN:16,(anonymous_3)
FN:43,(anonymous_5)
FN:75,(anonymous_6)
FN:82,(anonymous_7)
FNF:5
FNH:5
FNDA:44,ItemGrid
FNDA:7,(anonymous_3)
FNDA:24,(anonymous_5)
FNDA:149,(anonymous_6)
FNDA:28,(anonymous_7)
DA:4,1
DA:5,1
DA:6,1
DA:8,34
DA:14,44
DA:16,44
DA:17,7
DA:19,7
DA:20,7
DA:21,7
DA:23,7
DA:39,44
DA:44,24
DA:51,41
DA:76,149
DA:83,28
LF:16
LH:16
BRDA:9,0,0,2
BRDA:10,1,0,32
BRDA:11,2,0,17
BRDA:17,3,0,0
BRDA:17,3,1,7
BRDA:17,4,0,7
BRDA:17,4,1,7
BRDA:17,4,2,7
BRDA:39,5,0,3
BRDA:39,5,1,41
BRDA:39,6,0,44
BRDA:39,6,1,4
BRDA:51,7,0,6
BRDA:51,7,1,35
BRDA:51,8,0,41
BRDA:51,8,1,40
BRDA:80,9,0,35
BRDA:90,10,0,35
BRDA:97,11,0,7
BRDA:97,11,1,24
BRDA:110,12,0,35
BRDA:110,12,1,4
BRF:22
BRH:21
end_of_record
TN:
SF:src/components/Navbar/Navbar.js
FN:4,Navbar
FNF:1
FNH:1
FNDA:84,Navbar
DA:1,3
DA:2,3
DA:4,84
LF:3
LH:3
BRF:0
BRH:0
end_of_record
TN:
SF:src/lib/awss3.js
FN:29,getPublicUrl
FN:33,uploadImageToS3
FNF:2
FNH:2
FNDA:17,getPublicUrl
FNDA:22,uploadImageToS3
DA:1,30
DA:2,30
DA:10,30
DA:12,30
DA:13,3
DA:15,27
DA:16,1
DA:19,26
DA:27,25
DA:29,3
DA:30,17
DA:33,20
DA:37,22
DA:38,3
DA:41,19
DA:42,3
DA:45,16
DA:46,16
DA:49,16
DA:51,16
DA:52,15
DA:54,15
DA:62,15
DA:64,14
DA:67,25
LF:25
LH:25
BRDA:12,0,0,3
BRDA:12,0,1,27
BRDA:12,1,0,30
BRDA:12,1,1,29
BRDA:12,1,2,28
BRDA:15,2,0,1
BRDA:15,2,1,26
BRDA:35,3,0,21
BRDA:35,4,0,21
BRDA:35,5,0,21
BRDA:37,6,0,3
BRDA:37,6,1,19
BRDA:37,7,0,22
BRDA:37,7,1,20
BRDA:41,8,0,3
BRDA:41,8,1,16
BRDA:45,9,0,16
BRDA:45,9,1,2
BRDA:47,10,0,15
BRDA:47,10,1,1
BRDA:58,11,0,15
BRDA:58,11,1,0
BRF:22
BRH:21
end_of_record
TN:
SF:src/lib/mongodb.js
FN:28,getDb
FNF:1
FNH:0
FNDA:0,getDb
DA:2,0
DA:4,0
DA:5,0
DA:11,0
DA:12,0
DA:15,0
DA:16,0
DA:17,0
DA:18,0
DA:20,0
DA:22,0
DA:23,0
DA:26,0
DA:28,0
DA:29,0
DA:30,0
DA:31,0
LF:17
LH:0
BRDA:11,0,0,0
BRDA:11,0,1,0
BRDA:15,1,0,0
BRDA:15,1,1,0
BRDA:16,2,0,0
BRDA:16,2,1,0
BRDA:30,3,0,0
BRDA:30,3,1,0
BRDA:30,3,2,0
BRF:9
BRH:0
end_of_record
TN:
SF:src/services/itemService.js
FN:10,apiFetch
FN:17,(anonymous_9)
FN:24,normalizeItem
FN:53,getItems
FN:55,(anonymous_12)
FN:70,getItemById
FN:80,filterItems
FN:82,(anonymous_15)
FN:95,searchItems
FN:100,getItemsBySeller
FN:112,getAvailableFilters
FN:117,getFeaturedItems
FNF:12
FNH:12
FNDA:28,apiFetch
FNDA:1,(anonymous_9)
FNDA:18,normalizeItem
FNDA:13,getItems
FNDA:6,(anonymous_12)
FNDA:10,getItemById
FNDA:4,filterItems
FNDA:9,(anonymous_15)
FNDA:1,searchItems
FNDA:4,getItemsBySeller
FNDA:1,getAvailableFilters
FNDA:2,getFeaturedItems
DA:2,1
DA:8,1
DA:11,28
DA:16,27
DA:17,3
DA:18,3
DA:20,24
DA:25,18
DA:26,18
DA:27,18
DA:29,18
DA:53,13
DA:54,13
DA:55,13
DA:56,6
DA:58,13
DA:59,11
DA:60,11
DA:70,10
DA:71,10
DA:72,7
DA:74,4
DA:75,4
DA:76,4
DA:80,3
DA:81,4
DA:82,4
DA:83,9
DA:85,4
DA:86,4
DA:87,4
DA:95,1
DA:96,1
DA:100,4
DA:101,4
DA:102,2
DA:103,2
DA:104,2
DA:105,2
DA:112,1
DA:113,1
DA:117,2
DA:118,2
DA:119,2
DA:120,2
DA:121,2
LF:46
LH:46
BRDA:8,0,0,1
BRDA:8,0,1,1
BRDA:10,1,0,28
BRDA:16,2,0,3
BRDA:16,2,1,24
BRDA:18,3,0,3
BRDA:18,3,1,1
BRDA:25,4,0,0
BRDA:25,4,1,18
BRDA:26,5,0,18
BRDA:26,5,1,3
BRDA:27,6,0,17
BRDA:27,6,1,1
BRDA:27,7,0,0
BRDA:27,7,1,1
BRDA:32,8,0,18
BRDA:32,8,1,4
BRDA:33,9,0,4
BRDA:33,9,1,14
BRDA:33,10,0,14
BRDA:33,10,1,13
BRDA:34,11,0,18
BRDA:34,11,1,17
BRDA:35,12,0,18
BRDA:35,12,1,18
BRDA:36,13,0,1
BRDA:36,13,1,17
BRDA:36,14,0,18
BRDA:36,14,1,2
BRDA:38,15,0,17
BRDA:38,15,1,16
BRDA:39,16,0,18
BRDA:39,16,1,17
BRDA:40,17,0,18
BRDA:40,17,1,18
BRDA:41,18,0,18
BRDA:41,18,1,18
BRDA:42,19,0,18
BRDA:42,19,1,18
BRDA:43,20,0,18
BRDA:43,20,1,18
BRDA:53,21,0,10
BRDA:53,22,0,10
BRDA:53,23,0,11
BRDA:56,24,0,3
BRDA:56,24,1,3
BRDA:56,25,0,6
BRDA:56,25,1,5
BRDA:56,25,2,4
BRDA:59,26,0,11
BRDA:59,26,1,0
BRDA:62,27,0,11
BRDA:62,27,1,1
BRDA:63,28,0,11
BRDA:63,28,1,9
BRDA:64,29,0,11
BRDA:64,29,1,9
BRDA:65,30,0,11
BRDA:65,30,1,9
BRDA:71,31,0,3
BRDA:71,31,1,7
BRDA:74,32,0,4
BRDA:74,32,1,3
BRDA:75,33,0,0
BRDA:75,33,1,4
BRDA:80,34,0,0
BRDA:83,35,0,5
BRDA:83,35,1,4
BRDA:83,36,0,9
BRDA:83,36,1,8
BRDA:83,36,2,7
BRDA:83,36,3,6
BRDA:86,37,0,3
BRDA:86,37,1,1
BRDA:89,38,0,4
BRDA:89,38,1,1
BRDA:100,39,0,3
BRDA:100,40,0,3
BRDA:101,41,0,2
BRDA:101,41,1,2
BRDA:104,42,0,2
BRDA:104,42,1,0
BRDA:107,43,0,2
BRDA:107,43,1,0
BRDA:117,44,0,1
BRDA:120,45,0,2
BRDA:120,45,1,0
BRDA:123,46,0,2
BRDA:123,46,1,0
BRF:89
BRH:80
end_of_record
TN:
SF:src/types/item.js
FN:22,(anonymous_7)
FN:54,createItem
FN:72,validateItem
FN:75,(anonymous_10)
FN:98,getFilterOptions
FNF:5
FNH:5
FNDA:11,(anonymous_7)
FNDA:11,createItem
FNDA:44,validateItem
FNDA:528,(anonymous_10)
FNDA:5,getFilterOptions
DA:4,27
DA:22,11
DA:27,44
DA:54,10
DA:55,11
DA:63,11
DA:64,11
DA:65,1
DA:68,11
DA:72,33
DA:73,44
DA:75,44
DA:76,528
DA:77,528
DA:80,528
DA:81,32
DA:85,528
DA:86,9
DA:94,44
DA:98,5
DA:99,5
DA:107,39
LF:22
LH:22
BRDA:58,0,0,11
BRDA:58,0,1,9
BRDA:59,1,0,11
BRDA:59,1,1,10
BRDA:64,2,0,1
BRDA:64,2,1,10
BRDA:80,3,0,32
BRDA:80,3,1,496
BRDA:80,4,0,528
BRDA:80,4,1,440
BRDA:80,4,2,33
BRDA:85,5,0,9
BRDA:85,5,1,519
BRDA:85,6,0,528
BRDA:85,6,1,488
BRDA:85,6,2,125
BRF:16
BRH:16
end_of_record
