TN:
SF:src/app/layout.js
FN:20,RootLayout
FNF:1
FNH:0
FNDA:0,RootLayout
DA:1,0
DA:2,0
DA:3,0
DA:5,0
DA:10,0
DA:15,0
DA:20,0
LF:7
LH:0
BRF:0
BRH:0
end_of_record
TN:
SF:src/app/page.js
FN:10,BrowsePage
FN:16,(anonymous_3)
FN:17,(anonymous_4)
FN:27,(anonymous_5)
FN:36,(anonymous_6)
FN:43,(anonymous_7)
FN:44,(anonymous_8)
FN:50,(anonymous_9)
FNF:8
FNH:8
FNDA:50,BrowsePage
FNDA:22,(anonymous_3)
FNDA:22,(anonymous_4)
FNDA:5,(anonymous_5)
FNDA:2,(anonymous_6)
FNDA:50,(anonymous_7)
FNDA:9,(anonymous_8)
FNDA:50,(anonymous_9)
DA:3,1
DA:4,1
DA:5,1
DA:6,1
DA:7,1
DA:8,1
DA:10,22
DA:11,50
DA:12,50
DA:13,50
DA:14,50
DA:16,50
DA:17,22
DA:18,22
DA:19,22
DA:20,21
DA:21,21
DA:22,21
DA:24,22
DA:27,50
DA:28,5
DA:29,5
DA:31,5
DA:32,4
DA:33,4
DA:36,50
DA:37,2
DA:38,2
DA:39,2
DA:43,50
DA:44,50
DA:45,9
DA:50,50
DA:51,50
DA:57,50
LF:35
LH:35
BRDA:45,0,0,9
BRDA:45,0,1,9
BRDA:45,0,2,9
BRDA:57,1,0,50
BRDA:57,1,1,50
BRF:5
BRH:5
end_of_record
TN:
SF:src/app/Items/[id]/page.js
FN:3,ItemDetailPage
FNF:1
FNH:0
FNDA:0,ItemDetailPage
DA:1,0
DA:3,0
DA:4,0
LF:3
LH:0
BRF:0
BRH:0
end_of_record
TN:
SF:src/app/about/page.js
FN:6,AboutPage
FN:70,(anonymous_3)
FN:91,(anonymous_4)
FNF:3
FNH:0
FNDA:0,AboutPage
FNDA:0,(anonymous_3)
FNDA:0,(anonymous_4)
DA:1,0
DA:2,0
DA:3,0
DA:4,0
DA:6,0
DA:7,0
DA:30,0
DA:71,0
DA:92,0
LF:9
LH:0
BRF:0
BRH:0
end_of_record
TN:
SF:src/app/about/components/BeliefCard/BeliefCard.js
FN:3,BeliefCard
FNF:1
FNH:0
FNDA:0,BeliefCard
DA:1,0
DA:3,0
LF:2
LH:0
BRF:0
BRH:0
end_of_record
TN:
SF:src/app/about/components/JourneySection/JourneySection.js
FN:4,JourneySection
FNF:1
FNH:0
FNDA:0,JourneySection
DA:1,0
DA:2,0
DA:4,0
LF:3
LH:0
BRF:0
BRH:0
end_of_record
TN:
SF:src/app/about/components/TeamCard/TeamCard.js
FN:4,TeamCard
FNF:1
FNH:0
FNDA:0,TeamCard
DA:1,0
DA:2,0
DA:4,0
LF:3
LH:0
BRF:0
BRH:0
end_of_record
TN:
SF:src/app/add-listing/page.js
FN:8,uploadListingAction
FN:32,(anonymous_8)
FN:57,AddListingPage
FNF:3
FNH:3
FNDA:13,uploadListingAction
FNDA:12,(anonymous_8)
FNDA:18,AddListingPage
DA:2,1
DA:3,1
DA:4,1
DA:5,1
DA:8,13
DA:11,13
DA:12,13
DA:13,13
DA:14,13
DA:15,13
DA:16,13
DA:17,13
DA:18,13
DA:19,13
DA:20,13
DA:22,13
DA:25,13
DA:26,3
DA:29,13
DA:32,12
DA:33,12
DA:34,12
DA:36,0
DA:51,0
DA:54,0
DA:57,18
LF:26
LH:23
BRDA:18,0,0,13
BRDA:18,0,1,8
BRDA:25,1,0,3
BRDA:25,1,1,10
BRDA:25,2,0,13
BRDA:25,2,1,12
BRDA:25,2,2,11
BRDA:39,3,0,0
BRDA:39,3,1,0
BRDA:42,4,0,0
BRDA:42,4,1,0
BRDA:45,5,0,0
BRDA:45,5,1,0
BRDA:46,6,0,0
BRDA:46,6,1,0
BRF:15
BRH:7
end_of_record
TN:
SF:src/app/api/items/route.js
FN:4,GET
FN:31,(anonymous_3)
FNF:2
FNH:0
FNDA:0,GET
FNDA:0,(anonymous_3)
DA:1,0
DA:2,0
DA:4,0
DA:5,0
DA:6,0
DA:7,0
DA:8,0
DA:10,0
DA:11,0
DA:12,0
DA:13,0
DA:14,0
DA:16,0
DA:17,0
DA:18,0
DA:20,0
DA:21,0
DA:28,0
DA:30,0
DA:31,0
DA:36,0
LF:21
LH:0
BRDA:11,0,0,0
BRDA:11,0,1,0
BRDA:12,1,0,0
BRDA:12,1,1,0
BRDA:13,2,0,0
BRDA:13,2,1,0
BRDA:14,3,0,0
BRDA:14,3,1,0
BRDA:18,4,0,0
BRDA:18,4,1,0
BRDA:18,5,0,0
BRDA:18,5,1,0
BRDA:18,6,0,0
BRDA:18,6,1,0
BRDA:18,7,0,0
BRDA:18,7,1,0
BRDA:20,8,0,0
BRDA:20,8,1,0
BRDA:21,9,0,0
BRDA:21,9,1,0
BRDA:28,10,0,0
BRDA:28,10,1,0
BRF:22
BRH:0
end_of_record
TN:
SF:src/app/api/items/[id]/route.js
FN:5,GET
FNF:1
FNH:0
FNDA:0,GET
DA:1,0
DA:2,0
DA:3,0
DA:5,0
DA:6,0
DA:7,0
DA:8,0
DA:9,0
DA:10,0
DA:12,0
DA:13,0
DA:14,0
DA:16,0
DA:17,0
DA:19,0
DA:20,0
LF:16
LH:0
BRDA:12,0,0,0
BRDA:12,0,1,0
BRDA:14,1,0,0
BRDA:14,1,1,0
BRDA:20,2,0,0
BRDA:20,2,1,0
BRF:6
BRH:0
end_of_record
TN:
SF:src/components/FilterBar/FilterBar.js
FN:6,FilterBar
FN:51,(anonymous_3)
FN:60,(anonymous_4)
FN:66,(anonymous_5)
FN:72,(anonymous_6)
FN:90,(anonymous_7)
FN:98,(anonymous_8)
FN:119,(anonymous_9)
FN:137,(anonymous_10)
FN:162,(anonymous_11)
FN:165,(anonymous_12)
FN:183,(anonymous_13)
FN:185,(anonymous_14)
FN:198,(anonymous_15)
FN:200,(anonymous_16)
FNF:15
FNH:13
FNDA:67,FilterBar
FNDA:7,(anonymous_3)
FNDA:5,(anonymous_4)
FNDA:2,(anonymous_5)
FNDA:3,(anonymous_6)
FNDA:67,(anonymous_7)
FNDA:67,(anonymous_8)
FNDA:5,(anonymous_9)
FNDA:17,(anonymous_10)
FNDA:2,(anonymous_11)
FNDA:268,(anonymous_12)
FNDA:0,(anonymous_13)
FNDA:78,(anonymous_14)
FNDA:0,(anonymous_15)
FNDA:65,(anonymous_16)
DA:3,1
DA:4,1
DA:6,40
DA:14,67
DA:24,67
DA:27,67
DA:36,67
DA:44,67
DA:51,67
DA:52,7
DA:53,7
DA:55,7
DA:56,6
DA:60,67
DA:61,5
DA:62,3
DA:66,67
DA:67,2
DA:68,2
DA:72,67
DA:73,3
DA:81,3
DA:82,3
DA:84,3
DA:85,2
DA:90,67
DA:91,67
DA:92,54
DA:94,13
DA:98,67
DA:99,67
DA:100,62
DA:102,5
DA:103,1
DA:105,4
DA:119,5
DA:137,17
DA:162,2
DA:166,268
DA:183,0
DA:186,78
DA:198,0
DA:201,65
LF:43
LH:41
BRDA:9,0,0,61
BRDA:10,1,0,61
BRDA:11,2,0,52
BRDA:12,3,0,63
BRDA:15,4,0,67
BRDA:15,4,1,62
BRDA:16,5,0,67
BRDA:16,5,1,62
BRDA:17,6,0,67
BRDA:17,6,1,67
BRDA:18,7,0,67
BRDA:18,7,1,67
BRDA:19,8,0,67
BRDA:19,8,1,64
BRDA:20,9,0,67
BRDA:20,9,1,64
BRDA:55,10,0,6
BRDA:55,10,1,1
BRDA:61,11,0,3
BRDA:61,11,1,2
BRDA:67,12,0,2
BRDA:67,12,1,0
BRDA:84,13,0,2
BRDA:84,13,1,1
BRDA:91,14,0,54
BRDA:91,14,1,13
BRDA:99,15,0,62
BRDA:99,15,1,5
BRDA:102,16,0,1
BRDA:102,16,1,4
BRDA:136,17,0,13
BRDA:136,17,1,54
BRDA:144,18,0,67
BRDA:175,19,0,67
BRF:34
BRH:33
end_of_record
TN:
SF:src/components/ItemCard/ItemCard.js
FN:7,ItemCard
FN:12,(anonymous_3)
FN:16,(anonymous_4)
FN:21,(anonymous_5)
FN:36,(anonymous_6)
FN:53,(anonymous_7)
FNF:6
FNH:4
FNDA:4,ItemCard
FNDA:0,(anonymous_3)
FNDA:0,(anonymous_4)
FNDA:4,(anonymous_5)
FNDA:4,(anonymous_6)
FNDA:1,(anonymous_7)
DA:2,1
DA:3,1
DA:4,1
DA:5,1
DA:7,4
DA:8,4
DA:9,4
DA:10,4
DA:12,4
DA:13,0
DA:16,4
DA:17,0
DA:18,0
DA:21,4
DA:22,4
DA:24,0
DA:26,4
DA:28,0
DA:30,0
DA:32,0
DA:36,4
DA:37,4
DA:39,4
DA:41,0
DA:43,0
DA:45,0
DA:47,0
DA:49,0
DA:53,4
DA:54,1
DA:55,1
DA:56,1
LF:32
LH:20
BRDA:22,0,0,0
BRDA:22,0,1,4
BRDA:22,0,2,0
BRDA:22,0,3,0
BRDA:22,0,4,0
BRDA:37,1,0,4
BRDA:37,1,1,0
BRDA:37,1,2,0
BRDA:37,1,3,0
BRDA:37,1,4,0
BRDA:37,1,5,0
BRDA:68,2,0,4
BRDA:75,3,0,0
BRDA:89,4,0,0
BRDA:89,4,1,4
BRF:15
BRH:4
end_of_record
TN:
SF:src/components/ItemDetail/ItemDetail.js
FN:8,ItemDetail
FN:13,(anonymous_3)
FN:14,(anonymous_4)
FN:28,(anonymous_5)
FN:30,(anonymous_6)
FN:81,(anonymous_7)
FNF:6
FNH:6
FNDA:41,ItemDetail
FNDA:22,(anonymous_3)
FNDA:21,(anonymous_4)
FNDA:2,(anonymous_5)
FNDA:16,(anonymous_6)
FNDA:16,(anonymous_7)
DA:3,1
DA:4,1
DA:5,1
DA:6,1
DA:8,22
DA:9,41
DA:10,41
DA:11,41
DA:13,41
DA:14,22
DA:15,21
DA:16,21
DA:17,18
DA:18,18
DA:20,1
DA:22,19
DA:25,22
DA:28,41
DA:30,41
DA:31,16
DA:32,16
DA:35,41
DA:43,19
DA:82,16
DA:83,16
DA:84,16
LF:26
LH:26
BRDA:18,0,0,17
BRDA:18,0,1,1
BRDA:25,1,0,21
BRDA:25,1,1,1
BRDA:31,2,0,14
BRDA:31,2,1,2
BRDA:32,3,0,15
BRDA:32,3,1,1
BRDA:32,4,0,1
BRDA:32,4,1,0
BRDA:35,5,0,22
BRDA:35,5,1,19
BRDA:43,6,0,3
BRDA:43,6,1,16
BRDA:64,7,0,14
BRDA:69,8,0,16
BRDA:69,8,1,0
BRDA:70,9,0,15
BRDA:70,9,1,1
BRDA:70,10,0,1
BRDA:70,10,1,0
BRDA:82,11,0,16
BRDA:82,11,1,1
BRDA:84,12,0,16
BRDA:84,12,1,14
BRDA:86,13,0,14
BRDA:86,13,1,2
BRDA:87,14,0,16
BRDA:87,14,1,2
BRDA:97,15,0,16
BRDA:97,15,1,1
BRDA:97,16,0,15
BRDA:97,16,1,1
BRDA:102,17,0,16
BRDA:102,17,1,1
BRDA:106,18,0,16
BRDA:106,18,1,1
BRDA:112,19,0,16
BRDA:112,19,1,1
BRF:39
BRH:36
end_of_record
TN:
SF:src/components/ItemGrid/ItemGrid.js
FN:8,ItemGrid
FN:16,(anonymous_3)
FN:43,(anonymous_5)
FN:75,(anonymous_6)
FN:82,(anonymous_7)
FNF:5
FNH:5
FNDA:44,ItemGrid
FNDA:7,(anonymous_3)
FNDA:24,(anonymous_5)
FNDA:149,(anonymous_6)
FNDA:28,(anonymous_7)
DA:4,1
DA:5,1
DA:6,1
DA:8,34
DA:14,44
DA:16,44
DA:17,7
DA:19,7
DA:20,7
DA:21,7
DA:23,7
DA:39,44
DA:44,24
DA:51,41
DA:76,149
DA:83,28
LF:16
LH:16
BRDA:9,0,0,2
BRDA:10,1,0,32
BRDA:11,2,0,17
BRDA:17,3,0,0
BRDA:17,3,1,7
BRDA:17,4,0,7
BRDA:17,4,1,7
BRDA:17,4,2,7
BRDA:39,5,0,3
BRDA:39,5,1,41
BRDA:39,6,0,44
BRDA:39,6,1,4
BRDA:51,7,0,6
BRDA:51,7,1,35
BRDA:51,8,0,41
BRDA:51,8,1,40
BRDA:80,9,0,35
BRDA:90,10,0,35
BRDA:97,11,0,7
BRDA:97,11,1,24
BRDA:110,12,0,35
BRDA:110,12,1,4
BRF:22
BRH:21
end_of_record
TN:
SF:src/lib/awss3.js
FN:23,getPublicUrl
FN:27,uploadImageToS3
FNF:2
FNH:2
FNDA:17,getPublicUrl
FNDA:22,uploadImageToS3
DA:1,30
DA:2,30
DA:4,30
DA:6,30
DA:7,3
DA:9,27
DA:10,1
DA:13,26
DA:21,25
DA:23,3
DA:24,17
DA:27,20
DA:28,22
DA:29,3
DA:32,19
DA:33,3
DA:36,16
DA:37,16
DA:38,16
DA:40,16
DA:41,15
DA:43,15
DA:51,15
DA:53,14
DA:56,25
LF:25
LH:25
BRDA:6,0,0,3
BRDA:6,0,1,27
BRDA:6,1,0,30
BRDA:6,1,1,29
BRDA:6,1,2,28
BRDA:9,2,0,1
BRDA:9,2,1,26
BRDA:27,3,0,21
BRDA:27,4,0,21
BRDA:27,5,0,21
BRDA:28,6,0,3
BRDA:28,6,1,19
BRDA:28,7,0,22
BRDA:28,7,1,20
BRDA:32,8,0,3
BRDA:32,8,1,16
BRDA:36,9,0,16
BRDA:36,9,1,2
BRDA:37,10,0,15
BRDA:37,10,1,1
BRDA:47,11,0,15
BRDA:47,11,1,0
BRF:22
BRH:21
end_of_record
TN:
SF:src/lib/mongodb.js
FNF:0
FNH:0
DA:2,0
DA:4,0
DA:5,0
DA:11,0
DA:12,0
DA:15,0
DA:16,0
DA:17,0
DA:18,0
DA:20,0
DA:22,0
DA:23,0
DA:26,0
LF:13
LH:0
BRDA:11,0,0,0
BRDA:11,0,1,0
BRDA:15,1,0,0
BRDA:15,1,1,0
BRDA:16,2,0,0
BRDA:16,2,1,0
BRF:6
BRH:0
end_of_record
TN:
SF:src/services/itemService.js
FN:10,apiFetch
FN:17,(anonymous_9)
FN:24,normalizeItem
FN:53,getItems
FN:55,(anonymous_12)
FN:70,getItemById
FN:80,filterItems
FN:82,(anonymous_15)
FN:95,searchItems
FN:100,getItemsBySeller
FN:112,getAvailableFilters
FN:117,getFeaturedItems
FNF:12
FNH:12
FNDA:28,apiFetch
FNDA:1,(anonymous_9)
FNDA:18,normalizeItem
FNDA:13,getItems
FNDA:6,(anonymous_12)
FNDA:10,getItemById
FNDA:4,filterItems
FNDA:9,(anonymous_15)
FNDA:1,searchItems
FNDA:4,getItemsBySeller
FNDA:1,getAvailableFilters
FNDA:2,getFeaturedItems
DA:2,1
DA:8,1
DA:11,28
DA:16,27
DA:17,3
DA:18,3
DA:20,24
DA:25,18
DA:26,18
DA:27,18
DA:29,18
DA:53,13
DA:54,13
DA:55,13
DA:56,6
DA:58,13
DA:59,11
DA:60,11
DA:70,10
DA:71,10
DA:72,7
DA:74,4
DA:75,4
DA:76,4
DA:80,3
DA:81,4
DA:82,4
DA:83,9
DA:85,4
DA:86,4
DA:87,4
DA:95,1
DA:96,1
DA:100,4
DA:101,4
DA:102,2
DA:103,2
DA:104,2
DA:105,2
DA:112,1
DA:113,1
DA:117,2
DA:118,2
DA:119,2
DA:120,2
DA:121,2
LF:46
LH:46
BRDA:8,0,0,1
BRDA:8,0,1,1
BRDA:10,1,0,28
BRDA:16,2,0,3
BRDA:16,2,1,24
BRDA:18,3,0,3
BRDA:18,3,1,1
BRDA:25,4,0,0
BRDA:25,4,1,18
BRDA:26,5,0,18
BRDA:26,5,1,3
BRDA:27,6,0,17
BRDA:27,6,1,1
BRDA:27,7,0,0
BRDA:27,7,1,1
BRDA:32,8,0,18
BRDA:32,8,1,4
BRDA:33,9,0,4
BRDA:33,9,1,14
BRDA:33,10,0,14
BRDA:33,10,1,13
BRDA:34,11,0,18
BRDA:34,11,1,17
BRDA:35,12,0,18
BRDA:35,12,1,18
BRDA:36,13,0,1
BRDA:36,13,1,17
BRDA:36,14,0,18
BRDA:36,14,1,2
BRDA:38,15,0,17
BRDA:38,15,1,16
BRDA:39,16,0,18
BRDA:39,16,1,17
BRDA:40,17,0,18
BRDA:40,17,1,18
BRDA:41,18,0,18
BRDA:41,18,1,18
BRDA:42,19,0,18
BRDA:42,19,1,18
BRDA:43,20,0,18
BRDA:43,20,1,18
BRDA:53,21,0,10
BRDA:53,22,0,10
BRDA:53,23,0,11
BRDA:56,24,0,3
BRDA:56,24,1,3
BRDA:56,25,0,6
BRDA:56,25,1,5
BRDA:56,25,2,4
BRDA:59,26,0,11
BRDA:59,26,1,0
BRDA:62,27,0,11
BRDA:62,27,1,1
BRDA:63,28,0,11
BRDA:63,28,1,9
BRDA:64,29,0,11
BRDA:64,29,1,9
BRDA:65,30,0,11
BRDA:65,30,1,9
BRDA:71,31,0,3
BRDA:71,31,1,7
BRDA:74,32,0,4
BRDA:74,32,1,3
BRDA:75,33,0,0
BRDA:75,33,1,4
BRDA:80,34,0,0
BRDA:83,35,0,5
BRDA:83,35,1,4
BRDA:83,36,0,9
BRDA:83,36,1,8
BRDA:83,36,2,7
BRDA:83,36,3,6
BRDA:86,37,0,3
BRDA:86,37,1,1
BRDA:89,38,0,4
BRDA:89,38,1,1
BRDA:100,39,0,3
BRDA:100,40,0,3
BRDA:101,41,0,2
BRDA:101,41,1,2
BRDA:104,42,0,2
BRDA:104,42,1,0
BRDA:107,43,0,2
BRDA:107,43,1,0
BRDA:117,44,0,1
BRDA:120,45,0,2
BRDA:120,45,1,0
BRDA:123,46,0,2
BRDA:123,46,1,0
BRF:89
BRH:80
end_of_record
TN:
SF:src/types/item.js
FN:14,(anonymous_7)
FN:37,createItem
FN:55,validateItem
FN:58,(anonymous_10)
FN:77,getFilterOptions
FNF:5
FNH:5
FNDA:11,(anonymous_7)
FNDA:11,createItem
FNDA:44,validateItem
FNDA:528,(anonymous_10)
FNDA:5,getFilterOptions
DA:4,27
DA:14,11
DA:19,44
DA:37,10
DA:38,11
DA:46,11
DA:47,11
DA:48,1
DA:51,11
DA:55,33
DA:56,44
DA:58,44
DA:59,528
DA:60,528
DA:63,528
DA:64,32
DA:68,528
DA:69,9
DA:73,44
DA:77,5
DA:78,5
DA:86,39
LF:22
LH:22
BRDA:41,0,0,11
BRDA:41,0,1,9
BRDA:42,1,0,11
BRDA:42,1,1,10
BRDA:47,2,0,1
BRDA:47,2,1,10
BRDA:63,3,0,32
BRDA:63,3,1,496
BRDA:63,4,0,528
BRDA:63,4,1,440
BRDA:63,4,2,33
BRDA:68,5,0,9
BRDA:68,5,1,519
BRDA:68,6,0,528
BRDA:68,6,1,488
BRDA:68,6,2,125
BRF:16
BRH:16
end_of_record
